<?xml version="1.0" encoding="UTF-8"?>
<!-- Generated by org.testng.reporters.JUnitReportReporter -->
<testsuite hostname="SupriyaKole" failures="0" tests="1" name="flipkart.FlipkartApp" time="134.656" errors="0" timestamp="2022-07-27T22:58:50 IST" skipped="0">
  <testcase classname="flipkart.FlipkartApp" name="sampleTest" time="134.656"/>
  <system-out/>
</testsuite> <!-- flipkart.FlipkartApp -->
